<?xml version="1.0" encoding="UTF-8"?>
<!-- Generated by org.testng.reporters.JUnitReportReporter -->
<testsuite hostname="DESKTOP-EAA7IQJ" failures="0" tests="1" name="Assessment_API.Testcase2" time="9.065" errors="0" timestamp="31 May 2021 15:49:58 GMT" skipped="0">
  <testcase classname="Assessment_API.Testcase2" name="soapexample" time="9.065"/>
</testsuite> <!-- Assessment_API.Testcase2 -->
